<?xml version="1.0" encoding="UTF-8"?>
<testng-results skipped="0" failed="1" ignored="2" total="25" passed="22">
  <reporter-output>
    <line>
      <![CDATA[Extent Report Directory/Users/mohammedmannan/IdeaProjects/WebAutomationGroup3/Cigna/target/surefire-reports/html]]>
    </line>
  </reporter-output>
  <suite name="Cigna Automation Script" duration-ms="174157" started-at="2019-04-01T22:05:37Z" finished-at="2019-04-01T22:08:31Z">
    <groups>
    </groups>
    <test name="Cigna Home" duration-ms="174157" started-at="2019-04-01T22:05:37Z" finished-at="2019-04-01T22:08:31Z">
      <class name="cignahomepage.CignaHomePageTest">
        <test-method status="PASS" signature="extentSetup(org.testng.ITestContext)[pri:0, instance:cignahomepage.CignaHomePageTest@174d20a]" name="extentSetup" is-config="true" duration-ms="101" started-at="2019-04-01T22:05:37Z" finished-at="2019-04-01T22:05:37Z">
          <params>
            <param index="0">
              <value>
                <![CDATA[org.testng.TestRunner@6c6333cd]]>
              </value>
            </param>
          </params>
          <reporter-output>
            <line>
              <![CDATA[Extent Report Directory/Users/mohammedmannan/IdeaProjects/WebAutomationGroup3/Cigna/target/surefire-reports/html]]>
            </line>
          </reporter-output>
        </test-method> <!-- extentSetup -->
        <test-method status="PASS" signature="setUp(boolean, java.lang.String, java.lang.String, java.lang.String, java.lang.String, java.lang.String, java.lang.String)[pri:0, instance:cignahomepage.CignaHomePageTest@174d20a]" name="setUp" is-config="true" duration-ms="3033" started-at="2019-04-01T22:05:37Z" finished-at="2019-04-01T22:05:40Z">
          <params>
            <param index="0">
              <value>
                <![CDATA[false]]>
              </value>
            </param>
            <param index="1">
              <value>
                <![CDATA[false]]>
              </value>
            </param>
            <param index="2">
              <value>
                <![CDATA[OS X]]>
              </value>
            </param>
            <param index="3">
              <value>
                <![CDATA[Sierra]]>
              </value>
            </param>
            <param index="4">
              <value>
                <![CDATA[chrome]]>
              </value>
            </param>
            <param index="5">
              <value>
                <![CDATA[30.0]]>
              </value>
            </param>
            <param index="6">
              <value>
                <![CDATA[https://www.cigna.com/]]>
              </value>
            </param>
          </params>
          <reporter-output>
          </reporter-output>
        </test-method> <!-- setUp -->
        <test-method status="PASS" signature="startExtent(java.lang.reflect.Method)[pri:0, instance:cignahomepage.CignaHomePageTest@174d20a]" name="startExtent" is-config="true" duration-ms="4" started-at="2019-04-01T22:05:40Z" finished-at="2019-04-01T22:05:40Z">
          <params>
            <param index="0">
              <value>
                <![CDATA[public void cignahomepage.CignaHomePageTest.aboutUsLinkClickTest() throws java.lang.Exception]]>
              </value>
            </param>
          </params>
          <reporter-output>
          </reporter-output>
        </test-method> <!-- startExtent -->
        <test-method status="PASS" signature="aboutUsLinkClickTest()[pri:0, instance:cignahomepage.CignaHomePageTest@174d20a]" name="aboutUsLinkClickTest" duration-ms="5749" started-at="2019-04-01T22:05:40Z" finished-at="2019-04-01T22:05:46Z">
          <reporter-output>
          </reporter-output>
        </test-method> <!-- aboutUsLinkClickTest -->
        <test-method status="PASS" signature="afterEachTestMethod(org.testng.ITestResult)[pri:0, instance:cignahomepage.CignaHomePageTest@174d20a]" name="afterEachTestMethod" is-config="true" duration-ms="197" started-at="2019-04-01T22:05:46Z" finished-at="2019-04-01T22:05:46Z">
          <params>
            <param index="0">
              <value>
                <![CDATA[[TestResult name=aboutUsLinkClickTest status=SUCCESS method=CignaHomePageTest.aboutUsLinkClickTest()[pri:0, instance:cignahomepage.CignaHomePageTest@174d20a] output={null}]]]>
              </value>
            </param>
          </params>
          <reporter-output>
          </reporter-output>
        </test-method> <!-- afterEachTestMethod -->
        <test-method status="PASS" signature="cleanUp()[pri:0, instance:cignahomepage.CignaHomePageTest@174d20a]" name="cleanUp" is-config="true" duration-ms="112" started-at="2019-04-01T22:05:46Z" finished-at="2019-04-01T22:05:46Z">
          <reporter-output>
          </reporter-output>
        </test-method> <!-- cleanUp -->
        <test-method status="PASS" signature="setUp(boolean, java.lang.String, java.lang.String, java.lang.String, java.lang.String, java.lang.String, java.lang.String)[pri:0, instance:cignahomepage.CignaHomePageTest@174d20a]" name="setUp" is-config="true" duration-ms="2489" started-at="2019-04-01T22:05:46Z" finished-at="2019-04-01T22:05:48Z">
          <params>
            <param index="0">
              <value>
                <![CDATA[false]]>
              </value>
            </param>
            <param index="1">
              <value>
                <![CDATA[false]]>
              </value>
            </param>
            <param index="2">
              <value>
                <![CDATA[OS X]]>
              </value>
            </param>
            <param index="3">
              <value>
                <![CDATA[Sierra]]>
              </value>
            </param>
            <param index="4">
              <value>
                <![CDATA[chrome]]>
              </value>
            </param>
            <param index="5">
              <value>
                <![CDATA[30.0]]>
              </value>
            </param>
            <param index="6">
              <value>
                <![CDATA[https://www.cigna.com/]]>
              </value>
            </param>
          </params>
          <reporter-output>
          </reporter-output>
        </test-method> <!-- setUp -->
        <test-method status="PASS" signature="cignaInternationalLinkClickTest()[pri:0, instance:cignahomepage.CignaHomePageTest@174d20a]" name="cignaInternationalLinkClickTest" duration-ms="4459" started-at="2019-04-01T22:05:48Z" finished-at="2019-04-01T22:05:53Z">
          <reporter-output>
          </reporter-output>
        </test-method> <!-- cignaInternationalLinkClickTest -->
        <test-method status="PASS" signature="startExtent(java.lang.reflect.Method)[pri:0, instance:cignahomepage.CignaHomePageTest@174d20a]" name="startExtent" is-config="true" duration-ms="0" started-at="2019-04-01T22:05:48Z" finished-at="2019-04-01T22:05:48Z">
          <params>
            <param index="0">
              <value>
                <![CDATA[public void cignahomepage.CignaHomePageTest.cignaInternationalLinkClickTest() throws java.lang.Exception]]>
              </value>
            </param>
          </params>
          <reporter-output>
          </reporter-output>
        </test-method> <!-- startExtent -->
        <test-method status="PASS" signature="afterEachTestMethod(org.testng.ITestResult)[pri:0, instance:cignahomepage.CignaHomePageTest@174d20a]" name="afterEachTestMethod" is-config="true" duration-ms="30" started-at="2019-04-01T22:05:53Z" finished-at="2019-04-01T22:05:53Z">
          <params>
            <param index="0">
              <value>
                <![CDATA[[TestResult name=cignaInternationalLinkClickTest status=SUCCESS method=CignaHomePageTest.cignaInternationalLinkClickTest()[pri:0, instance:cignahomepage.CignaHomePageTest@174d20a] output={null}]]]>
              </value>
            </param>
          </params>
          <reporter-output>
          </reporter-output>
        </test-method> <!-- afterEachTestMethod -->
        <test-method status="PASS" signature="cleanUp()[pri:0, instance:cignahomepage.CignaHomePageTest@174d20a]" name="cleanUp" is-config="true" duration-ms="101" started-at="2019-04-01T22:05:53Z" finished-at="2019-04-01T22:05:53Z">
          <reporter-output>
          </reporter-output>
        </test-method> <!-- cleanUp -->
        <test-method status="PASS" signature="setUp(boolean, java.lang.String, java.lang.String, java.lang.String, java.lang.String, java.lang.String, java.lang.String)[pri:0, instance:cignahomepage.CignaHomePageTest@174d20a]" name="setUp" is-config="true" duration-ms="2868" started-at="2019-04-01T22:05:53Z" finished-at="2019-04-01T22:05:56Z">
          <params>
            <param index="0">
              <value>
                <![CDATA[false]]>
              </value>
            </param>
            <param index="1">
              <value>
                <![CDATA[false]]>
              </value>
            </param>
            <param index="2">
              <value>
                <![CDATA[OS X]]>
              </value>
            </param>
            <param index="3">
              <value>
                <![CDATA[Sierra]]>
              </value>
            </param>
            <param index="4">
              <value>
                <![CDATA[chrome]]>
              </value>
            </param>
            <param index="5">
              <value>
                <![CDATA[30.0]]>
              </value>
            </param>
            <param index="6">
              <value>
                <![CDATA[https://www.cigna.com/]]>
              </value>
            </param>
          </params>
          <reporter-output>
          </reporter-output>
        </test-method> <!-- setUp -->
        <test-method status="PASS" signature="startExtent(java.lang.reflect.Method)[pri:0, instance:cignahomepage.CignaHomePageTest@174d20a]" name="startExtent" is-config="true" duration-ms="0" started-at="2019-04-01T22:05:56Z" finished-at="2019-04-01T22:05:56Z">
          <params>
            <param index="0">
              <value>
                <![CDATA[public void cignahomepage.CignaHomePageTest.contactUsLinkClickTest() throws java.lang.Exception]]>
              </value>
            </param>
          </params>
          <reporter-output>
          </reporter-output>
        </test-method> <!-- startExtent -->
        <test-method status="PASS" signature="contactUsLinkClickTest()[pri:0, instance:cignahomepage.CignaHomePageTest@174d20a]" name="contactUsLinkClickTest" duration-ms="6769" started-at="2019-04-01T22:05:56Z" finished-at="2019-04-01T22:06:03Z">
          <reporter-output>
          </reporter-output>
        </test-method> <!-- contactUsLinkClickTest -->
        <test-method status="PASS" signature="afterEachTestMethod(org.testng.ITestResult)[pri:0, instance:cignahomepage.CignaHomePageTest@174d20a]" name="afterEachTestMethod" is-config="true" duration-ms="25" started-at="2019-04-01T22:06:03Z" finished-at="2019-04-01T22:06:03Z">
          <params>
            <param index="0">
              <value>
                <![CDATA[[TestResult name=contactUsLinkClickTest status=SUCCESS method=CignaHomePageTest.contactUsLinkClickTest()[pri:0, instance:cignahomepage.CignaHomePageTest@174d20a] output={null}]]]>
              </value>
            </param>
          </params>
          <reporter-output>
          </reporter-output>
        </test-method> <!-- afterEachTestMethod -->
        <test-method status="PASS" signature="cleanUp()[pri:0, instance:cignahomepage.CignaHomePageTest@174d20a]" name="cleanUp" is-config="true" duration-ms="104" started-at="2019-04-01T22:06:03Z" finished-at="2019-04-01T22:06:03Z">
          <reporter-output>
          </reporter-output>
        </test-method> <!-- cleanUp -->
        <test-method status="PASS" signature="setUp(boolean, java.lang.String, java.lang.String, java.lang.String, java.lang.String, java.lang.String, java.lang.String)[pri:0, instance:cignahomepage.CignaHomePageTest@174d20a]" name="setUp" is-config="true" duration-ms="2631" started-at="2019-04-01T22:06:03Z" finished-at="2019-04-01T22:06:05Z">
          <params>
            <param index="0">
              <value>
                <![CDATA[false]]>
              </value>
            </param>
            <param index="1">
              <value>
                <![CDATA[false]]>
              </value>
            </param>
            <param index="2">
              <value>
                <![CDATA[OS X]]>
              </value>
            </param>
            <param index="3">
              <value>
                <![CDATA[Sierra]]>
              </value>
            </param>
            <param index="4">
              <value>
                <![CDATA[chrome]]>
              </value>
            </param>
            <param index="5">
              <value>
                <![CDATA[30.0]]>
              </value>
            </param>
            <param index="6">
              <value>
                <![CDATA[https://www.cigna.com/]]>
              </value>
            </param>
          </params>
          <reporter-output>
          </reporter-output>
        </test-method> <!-- setUp -->
        <test-method status="PASS" signature="startExtent(java.lang.reflect.Method)[pri:0, instance:cignahomepage.CignaHomePageTest@174d20a]" name="startExtent" is-config="true" duration-ms="1" started-at="2019-04-01T22:06:05Z" finished-at="2019-04-01T22:06:05Z">
          <params>
            <param index="0">
              <value>
                <![CDATA[public void cignahomepage.CignaHomePageTest.dentalInsuranceTabClickTest() throws java.lang.Exception]]>
              </value>
            </param>
          </params>
          <reporter-output>
          </reporter-output>
        </test-method> <!-- startExtent -->
        <test-method status="PASS" signature="dentalInsuranceTabClickTest()[pri:0, instance:cignahomepage.CignaHomePageTest@174d20a]" name="dentalInsuranceTabClickTest" duration-ms="5097" started-at="2019-04-01T22:06:05Z" finished-at="2019-04-01T22:06:11Z">
          <reporter-output>
          </reporter-output>
        </test-method> <!-- dentalInsuranceTabClickTest -->
        <test-method status="PASS" signature="afterEachTestMethod(org.testng.ITestResult)[pri:0, instance:cignahomepage.CignaHomePageTest@174d20a]" name="afterEachTestMethod" is-config="true" duration-ms="25" started-at="2019-04-01T22:06:11Z" finished-at="2019-04-01T22:06:11Z">
          <params>
            <param index="0">
              <value>
                <![CDATA[[TestResult name=dentalInsuranceTabClickTest status=SUCCESS method=CignaHomePageTest.dentalInsuranceTabClickTest()[pri:0, instance:cignahomepage.CignaHomePageTest@174d20a] output={null}]]]>
              </value>
            </param>
          </params>
          <reporter-output>
          </reporter-output>
        </test-method> <!-- afterEachTestMethod -->
        <test-method status="PASS" signature="cleanUp()[pri:0, instance:cignahomepage.CignaHomePageTest@174d20a]" name="cleanUp" is-config="true" duration-ms="95" started-at="2019-04-01T22:06:11Z" finished-at="2019-04-01T22:06:11Z">
          <reporter-output>
          </reporter-output>
        </test-method> <!-- cleanUp -->
        <test-method status="PASS" signature="setUp(boolean, java.lang.String, java.lang.String, java.lang.String, java.lang.String, java.lang.String, java.lang.String)[pri:0, instance:cignahomepage.CignaHomePageTest@174d20a]" name="setUp" is-config="true" duration-ms="3118" started-at="2019-04-01T22:06:11Z" finished-at="2019-04-01T22:06:14Z">
          <params>
            <param index="0">
              <value>
                <![CDATA[false]]>
              </value>
            </param>
            <param index="1">
              <value>
                <![CDATA[false]]>
              </value>
            </param>
            <param index="2">
              <value>
                <![CDATA[OS X]]>
              </value>
            </param>
            <param index="3">
              <value>
                <![CDATA[Sierra]]>
              </value>
            </param>
            <param index="4">
              <value>
                <![CDATA[chrome]]>
              </value>
            </param>
            <param index="5">
              <value>
                <![CDATA[30.0]]>
              </value>
            </param>
            <param index="6">
              <value>
                <![CDATA[https://www.cigna.com/]]>
              </value>
            </param>
          </params>
          <reporter-output>
          </reporter-output>
        </test-method> <!-- setUp -->
        <test-method status="PASS" signature="startExtent(java.lang.reflect.Method)[pri:0, instance:cignahomepage.CignaHomePageTest@174d20a]" name="startExtent" is-config="true" duration-ms="0" started-at="2019-04-01T22:06:14Z" finished-at="2019-04-01T22:06:14Z">
          <params>
            <param index="0">
              <value>
                <![CDATA[public void cignahomepage.CignaHomePageTest.disasterResourceCenterLinkTest() throws java.lang.Exception]]>
              </value>
            </param>
          </params>
          <reporter-output>
          </reporter-output>
        </test-method> <!-- startExtent -->
        <test-method status="PASS" signature="disasterResourceCenterLinkTest()[pri:0, instance:cignahomepage.CignaHomePageTest@174d20a]" name="disasterResourceCenterLinkTest" duration-ms="4266" started-at="2019-04-01T22:06:14Z" finished-at="2019-04-01T22:06:18Z">
          <reporter-output>
          </reporter-output>
        </test-method> <!-- disasterResourceCenterLinkTest -->
        <test-method status="PASS" signature="afterEachTestMethod(org.testng.ITestResult)[pri:0, instance:cignahomepage.CignaHomePageTest@174d20a]" name="afterEachTestMethod" is-config="true" duration-ms="22" started-at="2019-04-01T22:06:18Z" finished-at="2019-04-01T22:06:18Z">
          <params>
            <param index="0">
              <value>
                <![CDATA[[TestResult name=disasterResourceCenterLinkTest status=SUCCESS method=CignaHomePageTest.disasterResourceCenterLinkTest()[pri:0, instance:cignahomepage.CignaHomePageTest@174d20a] output={null}]]]>
              </value>
            </param>
          </params>
          <reporter-output>
          </reporter-output>
        </test-method> <!-- afterEachTestMethod -->
        <test-method status="PASS" signature="cleanUp()[pri:0, instance:cignahomepage.CignaHomePageTest@174d20a]" name="cleanUp" is-config="true" duration-ms="93" started-at="2019-04-01T22:06:18Z" finished-at="2019-04-01T22:06:18Z">
          <reporter-output>
          </reporter-output>
        </test-method> <!-- cleanUp -->
        <test-method status="PASS" signature="setUp(boolean, java.lang.String, java.lang.String, java.lang.String, java.lang.String, java.lang.String, java.lang.String)[pri:0, instance:cignahomepage.CignaHomePageTest@174d20a]" name="setUp" is-config="true" duration-ms="2534" started-at="2019-04-01T22:06:18Z" finished-at="2019-04-01T22:06:21Z">
          <params>
            <param index="0">
              <value>
                <![CDATA[false]]>
              </value>
            </param>
            <param index="1">
              <value>
                <![CDATA[false]]>
              </value>
            </param>
            <param index="2">
              <value>
                <![CDATA[OS X]]>
              </value>
            </param>
            <param index="3">
              <value>
                <![CDATA[Sierra]]>
              </value>
            </param>
            <param index="4">
              <value>
                <![CDATA[chrome]]>
              </value>
            </param>
            <param index="5">
              <value>
                <![CDATA[30.0]]>
              </value>
            </param>
            <param index="6">
              <value>
                <![CDATA[https://www.cigna.com/]]>
              </value>
            </param>
          </params>
          <reporter-output>
          </reporter-output>
        </test-method> <!-- setUp -->
        <test-method status="PASS" signature="startExtent(java.lang.reflect.Method)[pri:0, instance:cignahomepage.CignaHomePageTest@174d20a]" name="startExtent" is-config="true" duration-ms="1" started-at="2019-04-01T22:06:21Z" finished-at="2019-04-01T22:06:21Z">
          <params>
            <param index="0">
              <value>
                <![CDATA[public void cignahomepage.CignaHomePageTest.employeePlansAndPoliciesTabClick() throws java.lang.Exception]]>
              </value>
            </param>
          </params>
          <reporter-output>
          </reporter-output>
        </test-method> <!-- startExtent -->
        <test-method status="PASS" signature="employeePlansAndPoliciesTabClick()[pri:0, instance:cignahomepage.CignaHomePageTest@174d20a]" name="employeePlansAndPoliciesTabClick" duration-ms="4036" started-at="2019-04-01T22:06:21Z" finished-at="2019-04-01T22:06:25Z">
          <reporter-output>
          </reporter-output>
        </test-method> <!-- employeePlansAndPoliciesTabClick -->
        <test-method status="PASS" signature="afterEachTestMethod(org.testng.ITestResult)[pri:0, instance:cignahomepage.CignaHomePageTest@174d20a]" name="afterEachTestMethod" is-config="true" duration-ms="22" started-at="2019-04-01T22:06:25Z" finished-at="2019-04-01T22:06:25Z">
          <params>
            <param index="0">
              <value>
                <![CDATA[[TestResult name=employeePlansAndPoliciesTabClick status=SUCCESS method=CignaHomePageTest.employeePlansAndPoliciesTabClick()[pri:0, instance:cignahomepage.CignaHomePageTest@174d20a] output={null}]]]>
              </value>
            </param>
          </params>
          <reporter-output>
          </reporter-output>
        </test-method> <!-- afterEachTestMethod -->
        <test-method status="PASS" signature="cleanUp()[pri:0, instance:cignahomepage.CignaHomePageTest@174d20a]" name="cleanUp" is-config="true" duration-ms="90" started-at="2019-04-01T22:06:25Z" finished-at="2019-04-01T22:06:25Z">
          <reporter-output>
          </reporter-output>
        </test-method> <!-- cleanUp -->
        <test-method status="PASS" signature="setUp(boolean, java.lang.String, java.lang.String, java.lang.String, java.lang.String, java.lang.String, java.lang.String)[pri:0, instance:cignahomepage.CignaHomePageTest@174d20a]" name="setUp" is-config="true" duration-ms="2722" started-at="2019-04-01T22:06:25Z" finished-at="2019-04-01T22:06:28Z">
          <params>
            <param index="0">
              <value>
                <![CDATA[false]]>
              </value>
            </param>
            <param index="1">
              <value>
                <![CDATA[false]]>
              </value>
            </param>
            <param index="2">
              <value>
                <![CDATA[OS X]]>
              </value>
            </param>
            <param index="3">
              <value>
                <![CDATA[Sierra]]>
              </value>
            </param>
            <param index="4">
              <value>
                <![CDATA[chrome]]>
              </value>
            </param>
            <param index="5">
              <value>
                <![CDATA[30.0]]>
              </value>
            </param>
            <param index="6">
              <value>
                <![CDATA[https://www.cigna.com/]]>
              </value>
            </param>
          </params>
          <reporter-output>
          </reporter-output>
        </test-method> <!-- setUp -->
        <test-method status="PASS" signature="employerGroupSolutionsTabTest()[pri:0, instance:cignahomepage.CignaHomePageTest@174d20a]" name="employerGroupSolutionsTabTest" duration-ms="3901" started-at="2019-04-01T22:06:28Z" finished-at="2019-04-01T22:06:32Z">
          <reporter-output>
          </reporter-output>
        </test-method> <!-- employerGroupSolutionsTabTest -->
        <test-method status="PASS" signature="startExtent(java.lang.reflect.Method)[pri:0, instance:cignahomepage.CignaHomePageTest@174d20a]" name="startExtent" is-config="true" duration-ms="0" started-at="2019-04-01T22:06:28Z" finished-at="2019-04-01T22:06:28Z">
          <params>
            <param index="0">
              <value>
                <![CDATA[public void cignahomepage.CignaHomePageTest.employerGroupSolutionsTabTest() throws java.lang.Exception]]>
              </value>
            </param>
          </params>
          <reporter-output>
          </reporter-output>
        </test-method> <!-- startExtent -->
        <test-method status="PASS" signature="afterEachTestMethod(org.testng.ITestResult)[pri:0, instance:cignahomepage.CignaHomePageTest@174d20a]" name="afterEachTestMethod" is-config="true" duration-ms="18" started-at="2019-04-01T22:06:32Z" finished-at="2019-04-01T22:06:32Z">
          <params>
            <param index="0">
              <value>
                <![CDATA[[TestResult name=employerGroupSolutionsTabTest status=SUCCESS method=CignaHomePageTest.employerGroupSolutionsTabTest()[pri:0, instance:cignahomepage.CignaHomePageTest@174d20a] output={null}]]]>
              </value>
            </param>
          </params>
          <reporter-output>
          </reporter-output>
        </test-method> <!-- afterEachTestMethod -->
        <test-method status="PASS" signature="cleanUp()[pri:0, instance:cignahomepage.CignaHomePageTest@174d20a]" name="cleanUp" is-config="true" duration-ms="92" started-at="2019-04-01T22:06:32Z" finished-at="2019-04-01T22:06:32Z">
          <reporter-output>
          </reporter-output>
        </test-method> <!-- cleanUp -->
        <test-method status="PASS" signature="setUp(boolean, java.lang.String, java.lang.String, java.lang.String, java.lang.String, java.lang.String, java.lang.String)[pri:0, instance:cignahomepage.CignaHomePageTest@174d20a]" name="setUp" is-config="true" duration-ms="2598" started-at="2019-04-01T22:06:32Z" finished-at="2019-04-01T22:06:34Z">
          <params>
            <param index="0">
              <value>
                <![CDATA[false]]>
              </value>
            </param>
            <param index="1">
              <value>
                <![CDATA[false]]>
              </value>
            </param>
            <param index="2">
              <value>
                <![CDATA[OS X]]>
              </value>
            </param>
            <param index="3">
              <value>
                <![CDATA[Sierra]]>
              </value>
            </param>
            <param index="4">
              <value>
                <![CDATA[chrome]]>
              </value>
            </param>
            <param index="5">
              <value>
                <![CDATA[30.0]]>
              </value>
            </param>
            <param index="6">
              <value>
                <![CDATA[https://www.cigna.com/]]>
              </value>
            </param>
          </params>
          <reporter-output>
          </reporter-output>
        </test-method> <!-- setUp -->
        <test-method status="PASS" signature="startExtent(java.lang.reflect.Method)[pri:0, instance:cignahomepage.CignaHomePageTest@174d20a]" name="startExtent" is-config="true" duration-ms="1" started-at="2019-04-01T22:06:34Z" finished-at="2019-04-01T22:06:34Z">
          <params>
            <param index="0">
              <value>
                <![CDATA[public void cignahomepage.CignaHomePageTest.employersAndProvidersLinkClickTest() throws java.lang.Exception]]>
              </value>
            </param>
          </params>
          <reporter-output>
          </reporter-output>
        </test-method> <!-- startExtent -->
        <test-method status="PASS" signature="employersAndProvidersLinkClickTest()[pri:0, instance:cignahomepage.CignaHomePageTest@174d20a]" name="employersAndProvidersLinkClickTest" duration-ms="4186" started-at="2019-04-01T22:06:34Z" finished-at="2019-04-01T22:06:38Z">
          <reporter-output>
          </reporter-output>
        </test-method> <!-- employersAndProvidersLinkClickTest -->
        <test-method status="PASS" signature="afterEachTestMethod(org.testng.ITestResult)[pri:0, instance:cignahomepage.CignaHomePageTest@174d20a]" name="afterEachTestMethod" is-config="true" duration-ms="17" started-at="2019-04-01T22:06:38Z" finished-at="2019-04-01T22:06:38Z">
          <params>
            <param index="0">
              <value>
                <![CDATA[[TestResult name=employersAndProvidersLinkClickTest status=SUCCESS method=CignaHomePageTest.employersAndProvidersLinkClickTest()[pri:0, instance:cignahomepage.CignaHomePageTest@174d20a] output={null}]]]>
              </value>
            </param>
          </params>
          <reporter-output>
          </reporter-output>
        </test-method> <!-- afterEachTestMethod -->
        <test-method status="PASS" signature="cleanUp()[pri:0, instance:cignahomepage.CignaHomePageTest@174d20a]" name="cleanUp" is-config="true" duration-ms="100" started-at="2019-04-01T22:06:38Z" finished-at="2019-04-01T22:06:39Z">
          <reporter-output>
          </reporter-output>
        </test-method> <!-- cleanUp -->
        <test-method status="PASS" signature="setUp(boolean, java.lang.String, java.lang.String, java.lang.String, java.lang.String, java.lang.String, java.lang.String)[pri:0, instance:cignahomepage.CignaHomePageTest@174d20a]" name="setUp" is-config="true" duration-ms="2636" started-at="2019-04-01T22:06:39Z" finished-at="2019-04-01T22:06:41Z">
          <params>
            <param index="0">
              <value>
                <![CDATA[false]]>
              </value>
            </param>
            <param index="1">
              <value>
                <![CDATA[false]]>
              </value>
            </param>
            <param index="2">
              <value>
                <![CDATA[OS X]]>
              </value>
            </param>
            <param index="3">
              <value>
                <![CDATA[Sierra]]>
              </value>
            </param>
            <param index="4">
              <value>
                <![CDATA[chrome]]>
              </value>
            </param>
            <param index="5">
              <value>
                <![CDATA[30.0]]>
              </value>
            </param>
            <param index="6">
              <value>
                <![CDATA[https://www.cigna.com/]]>
              </value>
            </param>
          </params>
          <reporter-output>
          </reporter-output>
        </test-method> <!-- setUp -->
        <test-method status="PASS" signature="startExtent(java.lang.reflect.Method)[pri:0, instance:cignahomepage.CignaHomePageTest@174d20a]" name="startExtent" is-config="true" duration-ms="1" started-at="2019-04-01T22:06:41Z" finished-at="2019-04-01T22:06:41Z">
          <params>
            <param index="0">
              <value>
                <![CDATA[public void cignahomepage.CignaHomePageTest.findADoctorDentistOrFacilityLinkClickTest() throws java.lang.Exception]]>
              </value>
            </param>
          </params>
          <reporter-output>
          </reporter-output>
        </test-method> <!-- startExtent -->
        <test-method status="PASS" signature="findADoctorDentistOrFacilityLinkClickTest()[pri:0, instance:cignahomepage.CignaHomePageTest@174d20a]" name="findADoctorDentistOrFacilityLinkClickTest" duration-ms="4222" started-at="2019-04-01T22:06:41Z" finished-at="2019-04-01T22:06:45Z">
          <reporter-output>
          </reporter-output>
        </test-method> <!-- findADoctorDentistOrFacilityLinkClickTest -->
        <test-method status="PASS" signature="afterEachTestMethod(org.testng.ITestResult)[pri:0, instance:cignahomepage.CignaHomePageTest@174d20a]" name="afterEachTestMethod" is-config="true" duration-ms="19" started-at="2019-04-01T22:06:45Z" finished-at="2019-04-01T22:06:45Z">
          <params>
            <param index="0">
              <value>
                <![CDATA[[TestResult name=findADoctorDentistOrFacilityLinkClickTest status=SUCCESS method=CignaHomePageTest.findADoctorDentistOrFacilityLinkClickTest()[pri:0, instance:cignahomepage.CignaHomePageTest@174d20a] output={null}]]]>
              </value>
            </param>
          </params>
          <reporter-output>
          </reporter-output>
        </test-method> <!-- afterEachTestMethod -->
        <test-method status="PASS" signature="cleanUp()[pri:0, instance:cignahomepage.CignaHomePageTest@174d20a]" name="cleanUp" is-config="true" duration-ms="97" started-at="2019-04-01T22:06:45Z" finished-at="2019-04-01T22:06:45Z">
          <reporter-output>
          </reporter-output>
        </test-method> <!-- cleanUp -->
        <test-method status="PASS" signature="setUp(boolean, java.lang.String, java.lang.String, java.lang.String, java.lang.String, java.lang.String, java.lang.String)[pri:0, instance:cignahomepage.CignaHomePageTest@174d20a]" name="setUp" is-config="true" duration-ms="2871" started-at="2019-04-01T22:06:46Z" finished-at="2019-04-01T22:06:48Z">
          <params>
            <param index="0">
              <value>
                <![CDATA[false]]>
              </value>
            </param>
            <param index="1">
              <value>
                <![CDATA[false]]>
              </value>
            </param>
            <param index="2">
              <value>
                <![CDATA[OS X]]>
              </value>
            </param>
            <param index="3">
              <value>
                <![CDATA[Sierra]]>
              </value>
            </param>
            <param index="4">
              <value>
                <![CDATA[chrome]]>
              </value>
            </param>
            <param index="5">
              <value>
                <![CDATA[30.0]]>
              </value>
            </param>
            <param index="6">
              <value>
                <![CDATA[https://www.cigna.com/]]>
              </value>
            </param>
          </params>
          <reporter-output>
          </reporter-output>
        </test-method> <!-- setUp -->
        <test-method status="PASS" signature="startExtent(java.lang.reflect.Method)[pri:0, instance:cignahomepage.CignaHomePageTest@174d20a]" name="startExtent" is-config="true" duration-ms="0" started-at="2019-04-01T22:06:48Z" finished-at="2019-04-01T22:06:48Z">
          <params>
            <param index="0">
              <value>
                <![CDATA[public void cignahomepage.CignaHomePageTest.healthCareProvidersLinkClickTest() throws java.lang.Exception]]>
              </value>
            </param>
          </params>
          <reporter-output>
          </reporter-output>
        </test-method> <!-- startExtent -->
        <test-method status="PASS" signature="healthCareProvidersLinkClickTest()[pri:0, instance:cignahomepage.CignaHomePageTest@174d20a]" name="healthCareProvidersLinkClickTest" duration-ms="3941" started-at="2019-04-01T22:06:48Z" finished-at="2019-04-01T22:06:52Z">
          <reporter-output>
          </reporter-output>
        </test-method> <!-- healthCareProvidersLinkClickTest -->
        <test-method status="PASS" signature="afterEachTestMethod(org.testng.ITestResult)[pri:0, instance:cignahomepage.CignaHomePageTest@174d20a]" name="afterEachTestMethod" is-config="true" duration-ms="18" started-at="2019-04-01T22:06:52Z" finished-at="2019-04-01T22:06:52Z">
          <params>
            <param index="0">
              <value>
                <![CDATA[[TestResult name=healthCareProvidersLinkClickTest status=SUCCESS method=CignaHomePageTest.healthCareProvidersLinkClickTest()[pri:0, instance:cignahomepage.CignaHomePageTest@174d20a] output={null}]]]>
              </value>
            </param>
          </params>
          <reporter-output>
          </reporter-output>
        </test-method> <!-- afterEachTestMethod -->
        <test-method status="PASS" signature="cleanUp()[pri:0, instance:cignahomepage.CignaHomePageTest@174d20a]" name="cleanUp" is-config="true" duration-ms="98" started-at="2019-04-01T22:06:52Z" finished-at="2019-04-01T22:06:52Z">
          <reporter-output>
          </reporter-output>
        </test-method> <!-- cleanUp -->
        <test-method status="PASS" signature="setUp(boolean, java.lang.String, java.lang.String, java.lang.String, java.lang.String, java.lang.String, java.lang.String)[pri:0, instance:cignahomepage.CignaHomePageTest@174d20a]" name="setUp" is-config="true" duration-ms="2485" started-at="2019-04-01T22:06:52Z" finished-at="2019-04-01T22:06:55Z">
          <params>
            <param index="0">
              <value>
                <![CDATA[false]]>
              </value>
            </param>
            <param index="1">
              <value>
                <![CDATA[false]]>
              </value>
            </param>
            <param index="2">
              <value>
                <![CDATA[OS X]]>
              </value>
            </param>
            <param index="3">
              <value>
                <![CDATA[Sierra]]>
              </value>
            </param>
            <param index="4">
              <value>
                <![CDATA[chrome]]>
              </value>
            </param>
            <param index="5">
              <value>
                <![CDATA[30.0]]>
              </value>
            </param>
            <param index="6">
              <value>
                <![CDATA[https://www.cigna.com/]]>
              </value>
            </param>
          </params>
          <reporter-output>
          </reporter-output>
        </test-method> <!-- setUp -->
        <test-method status="PASS" signature="startExtent(java.lang.reflect.Method)[pri:0, instance:cignahomepage.CignaHomePageTest@174d20a]" name="startExtent" is-config="true" duration-ms="1" started-at="2019-04-01T22:06:55Z" finished-at="2019-04-01T22:06:55Z">
          <params>
            <param index="0">
              <value>
                <![CDATA[public void cignahomepage.CignaHomePageTest.healthInsuranceTabClickTest() throws java.lang.Exception]]>
              </value>
            </param>
          </params>
          <reporter-output>
          </reporter-output>
        </test-method> <!-- startExtent -->
        <test-method status="PASS" signature="healthInsuranceTabClickTest()[pri:0, instance:cignahomepage.CignaHomePageTest@174d20a]" name="healthInsuranceTabClickTest" duration-ms="3923" started-at="2019-04-01T22:06:55Z" finished-at="2019-04-01T22:06:59Z">
          <reporter-output>
          </reporter-output>
        </test-method> <!-- healthInsuranceTabClickTest -->
        <test-method status="PASS" signature="afterEachTestMethod(org.testng.ITestResult)[pri:0, instance:cignahomepage.CignaHomePageTest@174d20a]" name="afterEachTestMethod" is-config="true" duration-ms="17" started-at="2019-04-01T22:06:59Z" finished-at="2019-04-01T22:06:59Z">
          <params>
            <param index="0">
              <value>
                <![CDATA[[TestResult name=healthInsuranceTabClickTest status=SUCCESS method=CignaHomePageTest.healthInsuranceTabClickTest()[pri:0, instance:cignahomepage.CignaHomePageTest@174d20a] output={null}]]]>
              </value>
            </param>
          </params>
          <reporter-output>
          </reporter-output>
        </test-method> <!-- afterEachTestMethod -->
        <test-method status="PASS" signature="cleanUp()[pri:0, instance:cignahomepage.CignaHomePageTest@174d20a]" name="cleanUp" is-config="true" duration-ms="94" started-at="2019-04-01T22:06:59Z" finished-at="2019-04-01T22:06:59Z">
          <reporter-output>
          </reporter-output>
        </test-method> <!-- cleanUp -->
        <test-method status="PASS" signature="setUp(boolean, java.lang.String, java.lang.String, java.lang.String, java.lang.String, java.lang.String, java.lang.String)[pri:0, instance:cignahomepage.CignaHomePageTest@174d20a]" name="setUp" is-config="true" duration-ms="2901" started-at="2019-04-01T22:06:59Z" finished-at="2019-04-01T22:07:02Z">
          <params>
            <param index="0">
              <value>
                <![CDATA[false]]>
              </value>
            </param>
            <param index="1">
              <value>
                <![CDATA[false]]>
              </value>
            </param>
            <param index="2">
              <value>
                <![CDATA[OS X]]>
              </value>
            </param>
            <param index="3">
              <value>
                <![CDATA[Sierra]]>
              </value>
            </param>
            <param index="4">
              <value>
                <![CDATA[chrome]]>
              </value>
            </param>
            <param index="5">
              <value>
                <![CDATA[30.0]]>
              </value>
            </param>
            <param index="6">
              <value>
                <![CDATA[https://www.cigna.com/]]>
              </value>
            </param>
          </params>
          <reporter-output>
          </reporter-output>
        </test-method> <!-- setUp -->
        <test-method status="PASS" signature="homePageNavigationTest()[pri:0, instance:cignahomepage.CignaHomePageTest@174d20a]" name="homePageNavigationTest" duration-ms="4647" started-at="2019-04-01T22:07:02Z" finished-at="2019-04-01T22:07:06Z">
          <reporter-output>
          </reporter-output>
        </test-method> <!-- homePageNavigationTest -->
        <test-method status="PASS" signature="startExtent(java.lang.reflect.Method)[pri:0, instance:cignahomepage.CignaHomePageTest@174d20a]" name="startExtent" is-config="true" duration-ms="0" started-at="2019-04-01T22:07:02Z" finished-at="2019-04-01T22:07:02Z">
          <params>
            <param index="0">
              <value>
                <![CDATA[public void cignahomepage.CignaHomePageTest.homePageNavigationTest() throws java.lang.Exception]]>
              </value>
            </param>
          </params>
          <reporter-output>
          </reporter-output>
        </test-method> <!-- startExtent -->
        <test-method status="PASS" signature="afterEachTestMethod(org.testng.ITestResult)[pri:0, instance:cignahomepage.CignaHomePageTest@174d20a]" name="afterEachTestMethod" is-config="true" duration-ms="19" started-at="2019-04-01T22:07:06Z" finished-at="2019-04-01T22:07:07Z">
          <params>
            <param index="0">
              <value>
                <![CDATA[[TestResult name=homePageNavigationTest status=SUCCESS method=CignaHomePageTest.homePageNavigationTest()[pri:0, instance:cignahomepage.CignaHomePageTest@174d20a] output={null}]]]>
              </value>
            </param>
          </params>
          <reporter-output>
          </reporter-output>
        </test-method> <!-- afterEachTestMethod -->
        <test-method status="PASS" signature="cleanUp()[pri:0, instance:cignahomepage.CignaHomePageTest@174d20a]" name="cleanUp" is-config="true" duration-ms="94" started-at="2019-04-01T22:07:07Z" finished-at="2019-04-01T22:07:07Z">
          <reporter-output>
          </reporter-output>
        </test-method> <!-- cleanUp -->
        <test-method status="PASS" signature="setUp(boolean, java.lang.String, java.lang.String, java.lang.String, java.lang.String, java.lang.String, java.lang.String)[pri:0, instance:cignahomepage.CignaHomePageTest@174d20a]" name="setUp" is-config="true" duration-ms="2856" started-at="2019-04-01T22:07:07Z" finished-at="2019-04-01T22:07:09Z">
          <params>
            <param index="0">
              <value>
                <![CDATA[false]]>
              </value>
            </param>
            <param index="1">
              <value>
                <![CDATA[false]]>
              </value>
            </param>
            <param index="2">
              <value>
                <![CDATA[OS X]]>
              </value>
            </param>
            <param index="3">
              <value>
                <![CDATA[Sierra]]>
              </value>
            </param>
            <param index="4">
              <value>
                <![CDATA[chrome]]>
              </value>
            </param>
            <param index="5">
              <value>
                <![CDATA[30.0]]>
              </value>
            </param>
            <param index="6">
              <value>
                <![CDATA[https://www.cigna.com/]]>
              </value>
            </param>
          </params>
          <reporter-output>
          </reporter-output>
        </test-method> <!-- setUp -->
        <test-method status="PASS" signature="startExtent(java.lang.reflect.Method)[pri:0, instance:cignahomepage.CignaHomePageTest@174d20a]" name="startExtent" is-config="true" duration-ms="1" started-at="2019-04-01T22:07:09Z" finished-at="2019-04-01T22:07:09Z">
          <params>
            <param index="0">
              <value>
                <![CDATA[public void cignahomepage.CignaHomePageTest.individualsAndFamiliesTabLinkClickTest() throws java.lang.Exception]]>
              </value>
            </param>
          </params>
          <reporter-output>
          </reporter-output>
        </test-method> <!-- startExtent -->
        <test-method status="PASS" signature="individualsAndFamiliesTabLinkClickTest()[pri:0, instance:cignahomepage.CignaHomePageTest@174d20a]" name="individualsAndFamiliesTabLinkClickTest" duration-ms="4793" started-at="2019-04-01T22:07:09Z" finished-at="2019-04-01T22:07:14Z">
          <reporter-output>
          </reporter-output>
        </test-method> <!-- individualsAndFamiliesTabLinkClickTest -->
        <test-method status="PASS" signature="afterEachTestMethod(org.testng.ITestResult)[pri:0, instance:cignahomepage.CignaHomePageTest@174d20a]" name="afterEachTestMethod" is-config="true" duration-ms="22" started-at="2019-04-01T22:07:14Z" finished-at="2019-04-01T22:07:14Z">
          <params>
            <param index="0">
              <value>
                <![CDATA[[TestResult name=individualsAndFamiliesTabLinkClickTest status=SUCCESS method=CignaHomePageTest.individualsAndFamiliesTabLinkClickTest()[pri:0, instance:cignahomepage.CignaHomePageTest@174d20a] output={null}]]]>
              </value>
            </param>
          </params>
          <reporter-output>
          </reporter-output>
        </test-method> <!-- afterEachTestMethod -->
        <test-method status="PASS" signature="cleanUp()[pri:0, instance:cignahomepage.CignaHomePageTest@174d20a]" name="cleanUp" is-config="true" duration-ms="91" started-at="2019-04-01T22:07:14Z" finished-at="2019-04-01T22:07:14Z">
          <reporter-output>
          </reporter-output>
        </test-method> <!-- cleanUp -->
        <test-method status="PASS" signature="setUp(boolean, java.lang.String, java.lang.String, java.lang.String, java.lang.String, java.lang.String, java.lang.String)[pri:0, instance:cignahomepage.CignaHomePageTest@174d20a]" name="setUp" is-config="true" duration-ms="2602" started-at="2019-04-01T22:07:14Z" finished-at="2019-04-01T22:07:17Z">
          <params>
            <param index="0">
              <value>
                <![CDATA[false]]>
              </value>
            </param>
            <param index="1">
              <value>
                <![CDATA[false]]>
              </value>
            </param>
            <param index="2">
              <value>
                <![CDATA[OS X]]>
              </value>
            </param>
            <param index="3">
              <value>
                <![CDATA[Sierra]]>
              </value>
            </param>
            <param index="4">
              <value>
                <![CDATA[chrome]]>
              </value>
            </param>
            <param index="5">
              <value>
                <![CDATA[30.0]]>
              </value>
            </param>
            <param index="6">
              <value>
                <![CDATA[https://www.cigna.com/]]>
              </value>
            </param>
          </params>
          <reporter-output>
          </reporter-output>
        </test-method> <!-- setUp -->
        <test-method status="PASS" signature="startExtent(java.lang.reflect.Method)[pri:0, instance:cignahomepage.CignaHomePageTest@174d20a]" name="startExtent" is-config="true" duration-ms="1" started-at="2019-04-01T22:07:17Z" finished-at="2019-04-01T22:07:17Z">
          <params>
            <param index="0">
              <value>
                <![CDATA[public void cignahomepage.CignaHomePageTest.internationalCoverageTabClickTest() throws java.lang.Exception]]>
              </value>
            </param>
          </params>
          <reporter-output>
          </reporter-output>
        </test-method> <!-- startExtent -->
        <test-method status="PASS" signature="internationalCoverageTabClickTest()[pri:0, instance:cignahomepage.CignaHomePageTest@174d20a]" name="internationalCoverageTabClickTest" duration-ms="4587" started-at="2019-04-01T22:07:17Z" finished-at="2019-04-01T22:07:22Z">
          <reporter-output>
          </reporter-output>
        </test-method> <!-- internationalCoverageTabClickTest -->
        <test-method status="PASS" signature="afterEachTestMethod(org.testng.ITestResult)[pri:0, instance:cignahomepage.CignaHomePageTest@174d20a]" name="afterEachTestMethod" is-config="true" duration-ms="17" started-at="2019-04-01T22:07:22Z" finished-at="2019-04-01T22:07:22Z">
          <params>
            <param index="0">
              <value>
                <![CDATA[[TestResult name=internationalCoverageTabClickTest status=SUCCESS method=CignaHomePageTest.internationalCoverageTabClickTest()[pri:0, instance:cignahomepage.CignaHomePageTest@174d20a] output={null}]]]>
              </value>
            </param>
          </params>
          <reporter-output>
          </reporter-output>
        </test-method> <!-- afterEachTestMethod -->
        <test-method status="PASS" signature="cleanUp()[pri:0, instance:cignahomepage.CignaHomePageTest@174d20a]" name="cleanUp" is-config="true" duration-ms="105" started-at="2019-04-01T22:07:22Z" finished-at="2019-04-01T22:07:22Z">
          <reporter-output>
          </reporter-output>
        </test-method> <!-- cleanUp -->
        <test-method status="PASS" signature="setUp(boolean, java.lang.String, java.lang.String, java.lang.String, java.lang.String, java.lang.String, java.lang.String)[pri:0, instance:cignahomepage.CignaHomePageTest@174d20a]" name="setUp" is-config="true" duration-ms="2598" started-at="2019-04-01T22:07:22Z" finished-at="2019-04-01T22:07:24Z">
          <params>
            <param index="0">
              <value>
                <![CDATA[false]]>
              </value>
            </param>
            <param index="1">
              <value>
                <![CDATA[false]]>
              </value>
            </param>
            <param index="2">
              <value>
                <![CDATA[OS X]]>
              </value>
            </param>
            <param index="3">
              <value>
                <![CDATA[Sierra]]>
              </value>
            </param>
            <param index="4">
              <value>
                <![CDATA[chrome]]>
              </value>
            </param>
            <param index="5">
              <value>
                <![CDATA[30.0]]>
              </value>
            </param>
            <param index="6">
              <value>
                <![CDATA[https://www.cigna.com/]]>
              </value>
            </param>
          </params>
          <reporter-output>
          </reporter-output>
        </test-method> <!-- setUp -->
        <test-method status="PASS" signature="learnMoreAboutTheConnectionTabClick()[pri:0, instance:cignahomepage.CignaHomePageTest@174d20a]" name="learnMoreAboutTheConnectionTabClick" duration-ms="4677" started-at="2019-04-01T22:07:24Z" finished-at="2019-04-01T22:07:29Z">
          <reporter-output>
          </reporter-output>
        </test-method> <!-- learnMoreAboutTheConnectionTabClick -->
        <test-method status="PASS" signature="startExtent(java.lang.reflect.Method)[pri:0, instance:cignahomepage.CignaHomePageTest@174d20a]" name="startExtent" is-config="true" duration-ms="0" started-at="2019-04-01T22:07:24Z" finished-at="2019-04-01T22:07:24Z">
          <params>
            <param index="0">
              <value>
                <![CDATA[public void cignahomepage.CignaHomePageTest.learnMoreAboutTheConnectionTabClick() throws java.lang.Exception]]>
              </value>
            </param>
          </params>
          <reporter-output>
          </reporter-output>
        </test-method> <!-- startExtent -->
        <test-method status="PASS" signature="afterEachTestMethod(org.testng.ITestResult)[pri:0, instance:cignahomepage.CignaHomePageTest@174d20a]" name="afterEachTestMethod" is-config="true" duration-ms="19" started-at="2019-04-01T22:07:29Z" finished-at="2019-04-01T22:07:29Z">
          <params>
            <param index="0">
              <value>
                <![CDATA[[TestResult name=learnMoreAboutTheConnectionTabClick status=SUCCESS method=CignaHomePageTest.learnMoreAboutTheConnectionTabClick()[pri:0, instance:cignahomepage.CignaHomePageTest@174d20a] output={null}]]]>
              </value>
            </param>
          </params>
          <reporter-output>
          </reporter-output>
        </test-method> <!-- afterEachTestMethod -->
        <test-method status="PASS" signature="cleanUp()[pri:0, instance:cignahomepage.CignaHomePageTest@174d20a]" name="cleanUp" is-config="true" duration-ms="105" started-at="2019-04-01T22:07:29Z" finished-at="2019-04-01T22:07:29Z">
          <reporter-output>
          </reporter-output>
        </test-method> <!-- cleanUp -->
        <test-method status="PASS" signature="setUp(boolean, java.lang.String, java.lang.String, java.lang.String, java.lang.String, java.lang.String, java.lang.String)[pri:0, instance:cignahomepage.CignaHomePageTest@174d20a]" name="setUp" is-config="true" duration-ms="2514" started-at="2019-04-01T22:07:29Z" finished-at="2019-04-01T22:07:32Z">
          <params>
            <param index="0">
              <value>
                <![CDATA[false]]>
              </value>
            </param>
            <param index="1">
              <value>
                <![CDATA[false]]>
              </value>
            </param>
            <param index="2">
              <value>
                <![CDATA[OS X]]>
              </value>
            </param>
            <param index="3">
              <value>
                <![CDATA[Sierra]]>
              </value>
            </param>
            <param index="4">
              <value>
                <![CDATA[chrome]]>
              </value>
            </param>
            <param index="5">
              <value>
                <![CDATA[30.0]]>
              </value>
            </param>
            <param index="6">
              <value>
                <![CDATA[https://www.cigna.com/]]>
              </value>
            </param>
          </params>
          <reporter-output>
          </reporter-output>
        </test-method> <!-- setUp -->
        <test-method status="PASS" signature="startExtent(java.lang.reflect.Method)[pri:0, instance:cignahomepage.CignaHomePageTest@174d20a]" name="startExtent" is-config="true" duration-ms="1" started-at="2019-04-01T22:07:32Z" finished-at="2019-04-01T22:07:32Z">
          <params>
            <param index="0">
              <value>
                <![CDATA[public void cignahomepage.CignaHomePageTest.logInToMyCignaTabClick() throws java.lang.Exception]]>
              </value>
            </param>
          </params>
          <reporter-output>
          </reporter-output>
        </test-method> <!-- startExtent -->
        <test-method status="PASS" signature="logInToMyCignaTabClick()[pri:0, instance:cignahomepage.CignaHomePageTest@174d20a]" name="logInToMyCignaTabClick" duration-ms="4176" started-at="2019-04-01T22:07:32Z" finished-at="2019-04-01T22:07:36Z">
          <reporter-output>
          </reporter-output>
        </test-method> <!-- logInToMyCignaTabClick -->
        <test-method status="PASS" signature="afterEachTestMethod(org.testng.ITestResult)[pri:0, instance:cignahomepage.CignaHomePageTest@174d20a]" name="afterEachTestMethod" is-config="true" duration-ms="20" started-at="2019-04-01T22:07:36Z" finished-at="2019-04-01T22:07:36Z">
          <params>
            <param index="0">
              <value>
                <![CDATA[[TestResult name=logInToMyCignaTabClick status=SUCCESS method=CignaHomePageTest.logInToMyCignaTabClick()[pri:0, instance:cignahomepage.CignaHomePageTest@174d20a] output={null}]]]>
              </value>
            </param>
          </params>
          <reporter-output>
          </reporter-output>
        </test-method> <!-- afterEachTestMethod -->
        <test-method status="PASS" signature="cleanUp()[pri:0, instance:cignahomepage.CignaHomePageTest@174d20a]" name="cleanUp" is-config="true" duration-ms="104" started-at="2019-04-01T22:07:36Z" finished-at="2019-04-01T22:07:36Z">
          <reporter-output>
          </reporter-output>
        </test-method> <!-- cleanUp -->
        <test-method status="PASS" signature="setUp(boolean, java.lang.String, java.lang.String, java.lang.String, java.lang.String, java.lang.String, java.lang.String)[pri:0, instance:cignahomepage.CignaHomePageTest@174d20a]" name="setUp" is-config="true" duration-ms="2470" started-at="2019-04-01T22:07:36Z" finished-at="2019-04-01T22:07:38Z">
          <params>
            <param index="0">
              <value>
                <![CDATA[false]]>
              </value>
            </param>
            <param index="1">
              <value>
                <![CDATA[false]]>
              </value>
            </param>
            <param index="2">
              <value>
                <![CDATA[OS X]]>
              </value>
            </param>
            <param index="3">
              <value>
                <![CDATA[Sierra]]>
              </value>
            </param>
            <param index="4">
              <value>
                <![CDATA[chrome]]>
              </value>
            </param>
            <param index="5">
              <value>
                <![CDATA[30.0]]>
              </value>
            </param>
            <param index="6">
              <value>
                <![CDATA[https://www.cigna.com/]]>
              </value>
            </param>
          </params>
          <reporter-output>
          </reporter-output>
        </test-method> <!-- setUp -->
        <test-method status="PASS" signature="startExtent(java.lang.reflect.Method)[pri:0, instance:cignahomepage.CignaHomePageTest@174d20a]" name="startExtent" is-config="true" duration-ms="0" started-at="2019-04-01T22:07:38Z" finished-at="2019-04-01T22:07:38Z">
          <params>
            <param index="0">
              <value>
                <![CDATA[public void cignahomepage.CignaHomePageTest.medicareProductsTabClickTest() throws java.lang.Exception]]>
              </value>
            </param>
          </params>
          <reporter-output>
          </reporter-output>
        </test-method> <!-- startExtent -->
        <test-method status="PASS" signature="medicareProductsTabClickTest()[pri:0, instance:cignahomepage.CignaHomePageTest@174d20a]" name="medicareProductsTabClickTest" duration-ms="3124" started-at="2019-04-01T22:07:38Z" finished-at="2019-04-01T22:07:42Z">
          <reporter-output>
          </reporter-output>
        </test-method> <!-- medicareProductsTabClickTest -->
        <test-method status="PASS" signature="afterEachTestMethod(org.testng.ITestResult)[pri:0, instance:cignahomepage.CignaHomePageTest@174d20a]" name="afterEachTestMethod" is-config="true" duration-ms="18" started-at="2019-04-01T22:07:42Z" finished-at="2019-04-01T22:07:42Z">
          <params>
            <param index="0">
              <value>
                <![CDATA[[TestResult name=medicareProductsTabClickTest status=SUCCESS method=CignaHomePageTest.medicareProductsTabClickTest()[pri:0, instance:cignahomepage.CignaHomePageTest@174d20a] output={null}]]]>
              </value>
            </param>
          </params>
          <reporter-output>
          </reporter-output>
        </test-method> <!-- afterEachTestMethod -->
        <test-method status="PASS" signature="cleanUp()[pri:0, instance:cignahomepage.CignaHomePageTest@174d20a]" name="cleanUp" is-config="true" duration-ms="99" started-at="2019-04-01T22:07:42Z" finished-at="2019-04-01T22:07:42Z">
          <reporter-output>
          </reporter-output>
        </test-method> <!-- cleanUp -->
        <test-method status="PASS" signature="setUp(boolean, java.lang.String, java.lang.String, java.lang.String, java.lang.String, java.lang.String, java.lang.String)[pri:0, instance:cignahomepage.CignaHomePageTest@174d20a]" name="setUp" is-config="true" duration-ms="2577" started-at="2019-04-01T22:07:42Z" finished-at="2019-04-01T22:07:44Z">
          <params>
            <param index="0">
              <value>
                <![CDATA[false]]>
              </value>
            </param>
            <param index="1">
              <value>
                <![CDATA[false]]>
              </value>
            </param>
            <param index="2">
              <value>
                <![CDATA[OS X]]>
              </value>
            </param>
            <param index="3">
              <value>
                <![CDATA[Sierra]]>
              </value>
            </param>
            <param index="4">
              <value>
                <![CDATA[chrome]]>
              </value>
            </param>
            <param index="5">
              <value>
                <![CDATA[30.0]]>
              </value>
            </param>
            <param index="6">
              <value>
                <![CDATA[https://www.cigna.com/]]>
              </value>
            </param>
          </params>
          <reporter-output>
          </reporter-output>
        </test-method> <!-- setUp -->
        <test-method status="PASS" signature="startExtent(java.lang.reflect.Method)[pri:0, instance:cignahomepage.CignaHomePageTest@174d20a]" name="startExtent" is-config="true" duration-ms="1" started-at="2019-04-01T22:07:44Z" finished-at="2019-04-01T22:07:44Z">
          <params>
            <param index="0">
              <value>
                <![CDATA[public void cignahomepage.CignaHomePageTest.medicareSupplementInsuranceTeaserContentClickTest() throws java.lang.Exception]]>
              </value>
            </param>
          </params>
          <reporter-output>
          </reporter-output>
        </test-method> <!-- startExtent -->
        <test-method status="PASS" signature="medicareSupplementInsuranceTeaserContentClickTest()[pri:0, instance:cignahomepage.CignaHomePageTest@174d20a]" name="medicareSupplementInsuranceTeaserContentClickTest" duration-ms="4183" started-at="2019-04-01T22:07:44Z" finished-at="2019-04-01T22:07:48Z">
          <reporter-output>
          </reporter-output>
        </test-method> <!-- medicareSupplementInsuranceTeaserContentClickTest -->
        <test-method status="PASS" signature="afterEachTestMethod(org.testng.ITestResult)[pri:0, instance:cignahomepage.CignaHomePageTest@174d20a]" name="afterEachTestMethod" is-config="true" duration-ms="17" started-at="2019-04-01T22:07:48Z" finished-at="2019-04-01T22:07:48Z">
          <params>
            <param index="0">
              <value>
                <![CDATA[[TestResult name=medicareSupplementInsuranceTeaserContentClickTest status=SUCCESS method=CignaHomePageTest.medicareSupplementInsuranceTeaserContentClickTest()[pri:0, instance:cignahomepage.CignaHomePageTest@174d20a] output={null}]]]>
              </value>
            </param>
          </params>
          <reporter-output>
          </reporter-output>
        </test-method> <!-- afterEachTestMethod -->
        <test-method status="PASS" signature="cleanUp()[pri:0, instance:cignahomepage.CignaHomePageTest@174d20a]" name="cleanUp" is-config="true" duration-ms="98" started-at="2019-04-01T22:07:48Z" finished-at="2019-04-01T22:07:48Z">
          <reporter-output>
          </reporter-output>
        </test-method> <!-- cleanUp -->
        <test-method status="PASS" signature="setUp(boolean, java.lang.String, java.lang.String, java.lang.String, java.lang.String, java.lang.String, java.lang.String)[pri:0, instance:cignahomepage.CignaHomePageTest@174d20a]" name="setUp" is-config="true" duration-ms="2505" started-at="2019-04-01T22:07:48Z" finished-at="2019-04-01T22:07:51Z">
          <params>
            <param index="0">
              <value>
                <![CDATA[false]]>
              </value>
            </param>
            <param index="1">
              <value>
                <![CDATA[false]]>
              </value>
            </param>
            <param index="2">
              <value>
                <![CDATA[OS X]]>
              </value>
            </param>
            <param index="3">
              <value>
                <![CDATA[Sierra]]>
              </value>
            </param>
            <param index="4">
              <value>
                <![CDATA[chrome]]>
              </value>
            </param>
            <param index="5">
              <value>
                <![CDATA[30.0]]>
              </value>
            </param>
            <param index="6">
              <value>
                <![CDATA[https://www.cigna.com/]]>
              </value>
            </param>
          </params>
          <reporter-output>
          </reporter-output>
        </test-method> <!-- setUp -->
        <test-method status="PASS" signature="startExtent(java.lang.reflect.Method)[pri:0, instance:cignahomepage.CignaHomePageTest@174d20a]" name="startExtent" is-config="true" duration-ms="1" started-at="2019-04-01T22:07:51Z" finished-at="2019-04-01T22:07:51Z">
          <params>
            <param index="0">
              <value>
                <![CDATA[public void cignahomepage.CignaHomePageTest.otherSupplementalInsuranceTabClickTest() throws java.lang.Exception]]>
              </value>
            </param>
          </params>
          <reporter-output>
          </reporter-output>
        </test-method> <!-- startExtent -->
        <test-method status="PASS" signature="otherSupplementalInsuranceTabClickTest()[pri:0, instance:cignahomepage.CignaHomePageTest@174d20a]" name="otherSupplementalInsuranceTabClickTest" duration-ms="4764" started-at="2019-04-01T22:07:51Z" finished-at="2019-04-01T22:07:56Z">
          <reporter-output>
          </reporter-output>
        </test-method> <!-- otherSupplementalInsuranceTabClickTest -->
        <test-method status="PASS" signature="afterEachTestMethod(org.testng.ITestResult)[pri:0, instance:cignahomepage.CignaHomePageTest@174d20a]" name="afterEachTestMethod" is-config="true" duration-ms="18" started-at="2019-04-01T22:07:56Z" finished-at="2019-04-01T22:07:56Z">
          <params>
            <param index="0">
              <value>
                <![CDATA[[TestResult name=otherSupplementalInsuranceTabClickTest status=SUCCESS method=CignaHomePageTest.otherSupplementalInsuranceTabClickTest()[pri:0, instance:cignahomepage.CignaHomePageTest@174d20a] output={null}]]]>
              </value>
            </param>
          </params>
          <reporter-output>
          </reporter-output>
        </test-method> <!-- afterEachTestMethod -->
        <test-method status="PASS" signature="cleanUp()[pri:0, instance:cignahomepage.CignaHomePageTest@174d20a]" name="cleanUp" is-config="true" duration-ms="92" started-at="2019-04-01T22:07:56Z" finished-at="2019-04-01T22:07:56Z">
          <reporter-output>
          </reporter-output>
        </test-method> <!-- cleanUp -->
        <test-method status="PASS" signature="setUp(boolean, java.lang.String, java.lang.String, java.lang.String, java.lang.String, java.lang.String, java.lang.String)[pri:0, instance:cignahomepage.CignaHomePageTest@174d20a]" name="setUp" is-config="true" duration-ms="2871" started-at="2019-04-01T22:07:56Z" finished-at="2019-04-01T22:07:59Z">
          <params>
            <param index="0">
              <value>
                <![CDATA[false]]>
              </value>
            </param>
            <param index="1">
              <value>
                <![CDATA[false]]>
              </value>
            </param>
            <param index="2">
              <value>
                <![CDATA[OS X]]>
              </value>
            </param>
            <param index="3">
              <value>
                <![CDATA[Sierra]]>
              </value>
            </param>
            <param index="4">
              <value>
                <![CDATA[chrome]]>
              </value>
            </param>
            <param index="5">
              <value>
                <![CDATA[30.0]]>
              </value>
            </param>
            <param index="6">
              <value>
                <![CDATA[https://www.cigna.com/]]>
              </value>
            </param>
          </params>
          <reporter-output>
          </reporter-output>
        </test-method> <!-- setUp -->
        <test-method status="PASS" signature="shopDentalPlansTabClickTest()[pri:0, instance:cignahomepage.CignaHomePageTest@174d20a]" name="shopDentalPlansTabClickTest" duration-ms="4002" started-at="2019-04-01T22:07:59Z" finished-at="2019-04-01T22:08:03Z">
          <reporter-output>
          </reporter-output>
        </test-method> <!-- shopDentalPlansTabClickTest -->
        <test-method status="PASS" signature="startExtent(java.lang.reflect.Method)[pri:0, instance:cignahomepage.CignaHomePageTest@174d20a]" name="startExtent" is-config="true" duration-ms="0" started-at="2019-04-01T22:07:59Z" finished-at="2019-04-01T22:07:59Z">
          <params>
            <param index="0">
              <value>
                <![CDATA[public void cignahomepage.CignaHomePageTest.shopDentalPlansTabClickTest() throws java.lang.Exception]]>
              </value>
            </param>
          </params>
          <reporter-output>
          </reporter-output>
        </test-method> <!-- startExtent -->
        <test-method status="PASS" signature="afterEachTestMethod(org.testng.ITestResult)[pri:0, instance:cignahomepage.CignaHomePageTest@174d20a]" name="afterEachTestMethod" is-config="true" duration-ms="17" started-at="2019-04-01T22:08:03Z" finished-at="2019-04-01T22:08:03Z">
          <params>
            <param index="0">
              <value>
                <![CDATA[[TestResult name=shopDentalPlansTabClickTest status=SUCCESS method=CignaHomePageTest.shopDentalPlansTabClickTest()[pri:0, instance:cignahomepage.CignaHomePageTest@174d20a] output={null}]]]>
              </value>
            </param>
          </params>
          <reporter-output>
          </reporter-output>
        </test-method> <!-- afterEachTestMethod -->
        <test-method status="PASS" signature="cleanUp()[pri:0, instance:cignahomepage.CignaHomePageTest@174d20a]" name="cleanUp" is-config="true" duration-ms="94" started-at="2019-04-01T22:08:03Z" finished-at="2019-04-01T22:08:03Z">
          <reporter-output>
          </reporter-output>
        </test-method> <!-- cleanUp -->
        <test-method status="PASS" signature="setUp(boolean, java.lang.String, java.lang.String, java.lang.String, java.lang.String, java.lang.String, java.lang.String)[pri:0, instance:cignahomepage.CignaHomePageTest@174d20a]" name="setUp" is-config="true" duration-ms="3865" started-at="2019-04-01T22:08:03Z" finished-at="2019-04-01T22:08:07Z">
          <params>
            <param index="0">
              <value>
                <![CDATA[false]]>
              </value>
            </param>
            <param index="1">
              <value>
                <![CDATA[false]]>
              </value>
            </param>
            <param index="2">
              <value>
                <![CDATA[OS X]]>
              </value>
            </param>
            <param index="3">
              <value>
                <![CDATA[Sierra]]>
              </value>
            </param>
            <param index="4">
              <value>
                <![CDATA[chrome]]>
              </value>
            </param>
            <param index="5">
              <value>
                <![CDATA[30.0]]>
              </value>
            </param>
            <param index="6">
              <value>
                <![CDATA[https://www.cigna.com/]]>
              </value>
            </param>
          </params>
          <reporter-output>
          </reporter-output>
        </test-method> <!-- setUp -->
        <test-method status="PASS" signature="shopMedicareSupplimentPlansTabClick()[pri:0, instance:cignahomepage.CignaHomePageTest@174d20a]" name="shopMedicareSupplimentPlansTabClick" duration-ms="3107" started-at="2019-04-01T22:08:07Z" finished-at="2019-04-01T22:08:10Z">
          <reporter-output>
          </reporter-output>
        </test-method> <!-- shopMedicareSupplimentPlansTabClick -->
        <test-method status="PASS" signature="startExtent(java.lang.reflect.Method)[pri:0, instance:cignahomepage.CignaHomePageTest@174d20a]" name="startExtent" is-config="true" duration-ms="0" started-at="2019-04-01T22:08:07Z" finished-at="2019-04-01T22:08:07Z">
          <params>
            <param index="0">
              <value>
                <![CDATA[public void cignahomepage.CignaHomePageTest.shopMedicareSupplimentPlansTabClick() throws java.lang.Exception]]>
              </value>
            </param>
          </params>
          <reporter-output>
          </reporter-output>
        </test-method> <!-- startExtent -->
        <test-method status="PASS" signature="afterEachTestMethod(org.testng.ITestResult)[pri:0, instance:cignahomepage.CignaHomePageTest@174d20a]" name="afterEachTestMethod" is-config="true" duration-ms="18" started-at="2019-04-01T22:08:10Z" finished-at="2019-04-01T22:08:10Z">
          <params>
            <param index="0">
              <value>
                <![CDATA[[TestResult name=shopMedicareSupplimentPlansTabClick status=SUCCESS method=CignaHomePageTest.shopMedicareSupplimentPlansTabClick()[pri:0, instance:cignahomepage.CignaHomePageTest@174d20a] output={null}]]]>
              </value>
            </param>
          </params>
          <reporter-output>
          </reporter-output>
        </test-method> <!-- afterEachTestMethod -->
        <test-method status="PASS" signature="cleanUp()[pri:0, instance:cignahomepage.CignaHomePageTest@174d20a]" name="cleanUp" is-config="true" duration-ms="99" started-at="2019-04-01T22:08:10Z" finished-at="2019-04-01T22:08:10Z">
          <reporter-output>
          </reporter-output>
        </test-method> <!-- cleanUp -->
        <test-method status="PASS" signature="generateReport()[pri:0, instance:cignahomepage.CignaHomePageTest@174d20a]" name="generateReport" is-config="true" duration-ms="14" started-at="2019-04-01T22:08:31Z" finished-at="2019-04-01T22:08:31Z">
          <reporter-output>
          </reporter-output>
        </test-method> <!-- generateReport -->
      </class> <!-- cignahomepage.CignaHomePageTest -->
      <class name="loginpage.LoginPageTest">
        <test-method status="PASS" signature="setUp(boolean, java.lang.String, java.lang.String, java.lang.String, java.lang.String, java.lang.String, java.lang.String)[pri:0, instance:loginpage.LoginPageTest@66d2e7d9]" name="setUp" is-config="true" duration-ms="3379" started-at="2019-04-01T22:08:10Z" finished-at="2019-04-01T22:08:13Z">
          <params>
            <param index="0">
              <value>
                <![CDATA[false]]>
              </value>
            </param>
            <param index="1">
              <value>
                <![CDATA[false]]>
              </value>
            </param>
            <param index="2">
              <value>
                <![CDATA[OS X]]>
              </value>
            </param>
            <param index="3">
              <value>
                <![CDATA[Sierra]]>
              </value>
            </param>
            <param index="4">
              <value>
                <![CDATA[chrome]]>
              </value>
            </param>
            <param index="5">
              <value>
                <![CDATA[30.0]]>
              </value>
            </param>
            <param index="6">
              <value>
                <![CDATA[https://www.cigna.com/]]>
              </value>
            </param>
          </params>
          <reporter-output>
          </reporter-output>
        </test-method> <!-- setUp -->
        <test-method status="PASS" signature="startExtent(java.lang.reflect.Method)[pri:0, instance:loginpage.LoginPageTest@66d2e7d9]" name="startExtent" is-config="true" duration-ms="0" started-at="2019-04-01T22:08:13Z" finished-at="2019-04-01T22:08:13Z">
          <params>
            <param index="0">
              <value>
                <![CDATA[public void loginpage.LoginPageTest.loginToMyCignaTabClickTest() throws java.lang.Exception]]>
              </value>
            </param>
          </params>
          <reporter-output>
          </reporter-output>
        </test-method> <!-- startExtent -->
        <test-method status="PASS" signature="loginToMyCignaTabClickTest()[pri:0, instance:loginpage.LoginPageTest@66d2e7d9]" name="loginToMyCignaTabClickTest" duration-ms="4177" started-at="2019-04-01T22:08:13Z" finished-at="2019-04-01T22:08:18Z">
          <reporter-output>
          </reporter-output>
        </test-method> <!-- loginToMyCignaTabClickTest -->
        <test-method status="PASS" signature="afterEachTestMethod(org.testng.ITestResult)[pri:0, instance:loginpage.LoginPageTest@66d2e7d9]" name="afterEachTestMethod" is-config="true" duration-ms="18" started-at="2019-04-01T22:08:18Z" finished-at="2019-04-01T22:08:18Z">
          <params>
            <param index="0">
              <value>
                <![CDATA[[TestResult name=loginToMyCignaTabClickTest status=SUCCESS method=LoginPageTest.loginToMyCignaTabClickTest()[pri:0, instance:loginpage.LoginPageTest@66d2e7d9] output={null}]]]>
              </value>
            </param>
          </params>
          <reporter-output>
          </reporter-output>
        </test-method> <!-- afterEachTestMethod -->
        <test-method status="PASS" signature="cleanUp()[pri:0, instance:loginpage.LoginPageTest@66d2e7d9]" name="cleanUp" is-config="true" duration-ms="98" started-at="2019-04-01T22:08:18Z" finished-at="2019-04-01T22:08:18Z">
          <reporter-output>
          </reporter-output>
        </test-method> <!-- cleanUp -->
        <test-method status="PASS" signature="setUp(boolean, java.lang.String, java.lang.String, java.lang.String, java.lang.String, java.lang.String, java.lang.String)[pri:0, instance:loginpage.LoginPageTest@66d2e7d9]" name="setUp" is-config="true" duration-ms="2586" started-at="2019-04-01T22:08:18Z" finished-at="2019-04-01T22:08:20Z">
          <params>
            <param index="0">
              <value>
                <![CDATA[false]]>
              </value>
            </param>
            <param index="1">
              <value>
                <![CDATA[false]]>
              </value>
            </param>
            <param index="2">
              <value>
                <![CDATA[OS X]]>
              </value>
            </param>
            <param index="3">
              <value>
                <![CDATA[Sierra]]>
              </value>
            </param>
            <param index="4">
              <value>
                <![CDATA[chrome]]>
              </value>
            </param>
            <param index="5">
              <value>
                <![CDATA[30.0]]>
              </value>
            </param>
            <param index="6">
              <value>
                <![CDATA[https://www.cigna.com/]]>
              </value>
            </param>
          </params>
          <reporter-output>
          </reporter-output>
        </test-method> <!-- setUp -->
        <test-method status="PASS" signature="startExtent(java.lang.reflect.Method)[pri:0, instance:loginpage.LoginPageTest@66d2e7d9]" name="startExtent" is-config="true" duration-ms="0" started-at="2019-04-01T22:08:20Z" finished-at="2019-04-01T22:08:20Z">
          <params>
            <param index="0">
              <value>
                <![CDATA[public void loginpage.LoginPageTest.setUserNameTest() throws java.lang.Exception]]>
              </value>
            </param>
          </params>
          <reporter-output>
          </reporter-output>
        </test-method> <!-- startExtent -->
        <test-method status="FAIL" signature="setUserNameTest()[pri:0, instance:loginpage.LoginPageTest@66d2e7d9]" name="setUserNameTest" duration-ms="10062" started-at="2019-04-01T22:08:20Z" finished-at="2019-04-01T22:08:30Z">
          <exception class="org.openqa.selenium.NoSuchElementException">
            <message>
              <![CDATA[no such element: Unable to locate element: {"method":"css selector","selector":"#username"}
  (Session info: chrome=73.0.3683.86)
  (Driver info: chromedriver=2.46.628411 (3324f4c8be9ff2f70a05a30ebc72ffb013e1a71e),platform=Mac OS X 10.14.4 x86_64) (WARNING: The server did not provide any stacktrace information)
Command duration or timeout: 0 milliseconds
For documentation on this error, please visit: https://www.seleniumhq.org/exceptions/no_such_element.html
Build info: version: '3.141.59', revision: 'e82be7d358', time: '2018-11-14T08:17:03'
System info: host: 'Mohammeds-MBP.fios-router.home', ip: 'fe80:0:0:0:1856:787:879e:c6be%en0', os.name: 'Mac OS X', os.arch: 'x86_64', os.version: '10.14.4', java.version: '1.8.0_201'
Driver info: org.openqa.selenium.chrome.ChromeDriver
Capabilities {acceptInsecureCerts: false, acceptSslCerts: false, applicationCacheEnabled: false, browserConnectionEnabled: false, browserName: chrome, chrome: {chromedriverVersion: 2.46.628411 (3324f4c8be9ff2..., userDataDir: /var/folders/fn/3p_klx610sl...}, cssSelectorsEnabled: true, databaseEnabled: false, goog:chromeOptions: {debuggerAddress: localhost:56208}, handlesAlerts: true, hasTouchScreen: false, javascriptEnabled: true, locationContextEnabled: true, mobileEmulationEnabled: false, nativeEvents: true, networkConnectionEnabled: false, pageLoadStrategy: normal, platform: MAC, platformName: MAC, proxy: Proxy(), rotatable: false, setWindowRect: true, strictFileInteractability: false, takesHeapSnapshot: true, takesScreenshot: true, timeouts: {implicit: 0, pageLoad: 300000, script: 30000}, unexpectedAlertBehaviour: ignore, unhandledPromptBehavior: ignore, version: 73.0.3683.86, webStorageEnabled: true}
Session ID: cd6268083fed364c1f237926b8251e7c
*** Element info: {Using=css selector, value=#username}]]>
            </message>
            <full-stacktrace>
              <![CDATA[org.openqa.selenium.NoSuchElementException: no such element: Unable to locate element: {"method":"css selector","selector":"#username"}
  (Session info: chrome=73.0.3683.86)
  (Driver info: chromedriver=2.46.628411 (3324f4c8be9ff2f70a05a30ebc72ffb013e1a71e),platform=Mac OS X 10.14.4 x86_64) (WARNING: The server did not provide any stacktrace information)
Command duration or timeout: 0 milliseconds
For documentation on this error, please visit: https://www.seleniumhq.org/exceptions/no_such_element.html
Build info: version: '3.141.59', revision: 'e82be7d358', time: '2018-11-14T08:17:03'
System info: host: 'Mohammeds-MBP.fios-router.home', ip: 'fe80:0:0:0:1856:787:879e:c6be%en0', os.name: 'Mac OS X', os.arch: 'x86_64', os.version: '10.14.4', java.version: '1.8.0_201'
Driver info: org.openqa.selenium.chrome.ChromeDriver
Capabilities {acceptInsecureCerts: false, acceptSslCerts: false, applicationCacheEnabled: false, browserConnectionEnabled: false, browserName: chrome, chrome: {chromedriverVersion: 2.46.628411 (3324f4c8be9ff2..., userDataDir: /var/folders/fn/3p_klx610sl...}, cssSelectorsEnabled: true, databaseEnabled: false, goog:chromeOptions: {debuggerAddress: localhost:56208}, handlesAlerts: true, hasTouchScreen: false, javascriptEnabled: true, locationContextEnabled: true, mobileEmulationEnabled: false, nativeEvents: true, networkConnectionEnabled: false, pageLoadStrategy: normal, platform: MAC, platformName: MAC, proxy: Proxy(), rotatable: false, setWindowRect: true, strictFileInteractability: false, takesHeapSnapshot: true, takesScreenshot: true, timeouts: {implicit: 0, pageLoad: 300000, script: 30000}, unexpectedAlertBehaviour: ignore, unhandledPromptBehavior: ignore, version: 73.0.3683.86, webStorageEnabled: true}
Session ID: cd6268083fed364c1f237926b8251e7c
*** Element info: {Using=css selector, value=#username}
at sun.reflect.NativeConstructorAccessorImpl.newInstance0(Native Method)
at sun.reflect.NativeConstructorAccessorImpl.newInstance(NativeConstructorAccessorImpl.java:62)
at sun.reflect.DelegatingConstructorAccessorImpl.newInstance(DelegatingConstructorAccessorImpl.java:45)
at java.lang.reflect.Constructor.newInstance(Constructor.java:423)
at org.openqa.selenium.remote.ErrorHandler.createThrowable(ErrorHandler.java:214)
at org.openqa.selenium.remote.ErrorHandler.throwIfResponseFailed(ErrorHandler.java:166)
at org.openqa.selenium.remote.http.JsonHttpResponseCodec.reconstructValue(JsonHttpResponseCodec.java:40)
at org.openqa.selenium.remote.http.AbstractHttpResponseCodec.decode(AbstractHttpResponseCodec.java:80)
at org.openqa.selenium.remote.http.AbstractHttpResponseCodec.decode(AbstractHttpResponseCodec.java:44)
at org.openqa.selenium.remote.HttpCommandExecutor.execute(HttpCommandExecutor.java:158)
at org.openqa.selenium.remote.service.DriverCommandExecutor.execute(DriverCommandExecutor.java:83)
at org.openqa.selenium.remote.RemoteWebDriver.execute(RemoteWebDriver.java:552)
at org.openqa.selenium.remote.RemoteWebDriver.findElement(RemoteWebDriver.java:323)
at org.openqa.selenium.remote.RemoteWebDriver.findElementByCssSelector(RemoteWebDriver.java:420)
at org.openqa.selenium.By$ByCssSelector.findElement(By.java:431)
at org.openqa.selenium.remote.RemoteWebDriver.findElement(RemoteWebDriver.java:315)
at org.openqa.selenium.support.pagefactory.DefaultElementLocator.findElement(DefaultElementLocator.java:69)
at org.openqa.selenium.support.pagefactory.internal.LocatingElementHandler.invoke(LocatingElementHandler.java:38)
at com.sun.proxy.$Proxy11.sendKeys(Unknown Source)
at loginpage.LoginPage.setUserName(LoginPage.java:21)
at loginpage.LoginPageTest.setUserNameTest(LoginPageTest.java:21)
at sun.reflect.NativeMethodAccessorImpl.invoke0(Native Method)
at sun.reflect.NativeMethodAccessorImpl.invoke(NativeMethodAccessorImpl.java:62)
at sun.reflect.DelegatingMethodAccessorImpl.invoke(DelegatingMethodAccessorImpl.java:43)
at java.lang.reflect.Method.invoke(Method.java:498)
at org.testng.internal.MethodInvocationHelper.invokeMethod(MethodInvocationHelper.java:124)
at org.testng.internal.Invoker.invokeMethod(Invoker.java:583)
at org.testng.internal.Invoker.invokeTestMethod(Invoker.java:719)
at org.testng.internal.Invoker.invokeTestMethods(Invoker.java:989)
at org.testng.internal.TestMethodWorker.invokeTestMethods(TestMethodWorker.java:125)
at org.testng.internal.TestMethodWorker.run(TestMethodWorker.java:109)
at org.testng.TestRunner.privateRun(TestRunner.java:648)
at org.testng.TestRunner.run(TestRunner.java:505)
at org.testng.SuiteRunner.runTest(SuiteRunner.java:455)
at org.testng.SuiteRunner.runSequentially(SuiteRunner.java:450)
at org.testng.SuiteRunner.privateRun(SuiteRunner.java:415)
at org.testng.SuiteRunner.run(SuiteRunner.java:364)
at org.testng.SuiteRunnerWorker.runSuite(SuiteRunnerWorker.java:52)
at org.testng.SuiteRunnerWorker.run(SuiteRunnerWorker.java:84)
at org.testng.TestNG.runSuitesSequentially(TestNG.java:1208)
at org.testng.TestNG.runSuitesLocally(TestNG.java:1137)
at org.testng.TestNG.runSuites(TestNG.java:1049)
at org.testng.TestNG.run(TestNG.java:1017)
at org.apache.maven.surefire.testng.TestNGExecutor.run(TestNGExecutor.java:283)
at org.apache.maven.surefire.testng.TestNGXmlTestSuite.execute(TestNGXmlTestSuite.java:75)
at org.apache.maven.surefire.testng.TestNGProvider.invoke(TestNGProvider.java:120)
at org.apache.maven.surefire.booter.ForkedBooter.invokeProviderInSameClassLoader(ForkedBooter.java:384)
at org.apache.maven.surefire.booter.ForkedBooter.runSuitesInProcess(ForkedBooter.java:345)
at org.apache.maven.surefire.booter.ForkedBooter.execute(ForkedBooter.java:126)
at org.apache.maven.surefire.booter.ForkedBooter.main(ForkedBooter.java:418)
]]>
            </full-stacktrace>
          </exception> <!-- org.openqa.selenium.NoSuchElementException -->
          <reporter-output>
          </reporter-output>
        </test-method> <!-- setUserNameTest -->
        <test-method status="PASS" signature="afterEachTestMethod(org.testng.ITestResult)[pri:0, instance:loginpage.LoginPageTest@66d2e7d9]" name="afterEachTestMethod" is-config="true" duration-ms="686" started-at="2019-04-01T22:08:30Z" finished-at="2019-04-01T22:08:31Z">
          <params>
            <param index="0">
              <value>
                <![CDATA[[TestResult name=setUserNameTest status=FAILURE method=LoginPageTest.setUserNameTest()[pri:0, instance:loginpage.LoginPageTest@66d2e7d9] output={null}]]]>
              </value>
            </param>
          </params>
          <reporter-output>
          </reporter-output>
        </test-method> <!-- afterEachTestMethod -->
        <test-method status="PASS" signature="cleanUp()[pri:0, instance:loginpage.LoginPageTest@66d2e7d9]" name="cleanUp" is-config="true" duration-ms="91" started-at="2019-04-01T22:08:31Z" finished-at="2019-04-01T22:08:31Z">
          <reporter-output>
          </reporter-output>
        </test-method> <!-- cleanUp -->
      </class> <!-- loginpage.LoginPageTest -->
    </test> <!-- Cigna Home -->
  </suite> <!-- Cigna Automation Script -->
</testng-results>
