<?xml version="1.0" encoding="UTF-8"?>
<testsuite xmlns:xsi="http://www.w3.org/2001/XMLSchema-instance" xsi:noNamespaceSchemaLocation="https://maven.apache.org/surefire/maven-surefire-plugin/xsd/surefire-test-report-3.0.xsd" version="3.0" name="TestSuite" time="174.584" tests="23" errors="0" skipped="0" failures="1">
  <properties>
[...]
</properties>
  <testcase name="aboutUsLinkClickTest" classname="cignahomepage.CignaHomePageTest" time="5.75"/>
  <testcase name="cignaInternationalLinkClickTest" classname="cignahomepage.CignaHomePageTest" time="4.459"/>
  <testcase name="contactUsLinkClickTest" classname="cignahomepage.CignaHomePageTest" time="6.769"/>
  <testcase name="dentalInsuranceTabClickTest" classname="cignahomepage.CignaHomePageTest" time="5.098"/>
  <testcase name="disasterResourceCenterLinkTest" classname="cignahomepage.CignaHomePageTest" time="4.266"/>
  <testcase name="employeePlansAndPoliciesTabClick" classname="cignahomepage.CignaHomePageTest" time="4.036"/>
  <testcase name="employerGroupSolutionsTabTest" classname="cignahomepage.CignaHomePageTest" time="3.901"/>
  <testcase name="employersAndProvidersLinkClickTest" classname="cignahomepage.CignaHomePageTest" time="4.186"/>
  <testcase name="findADoctorDentistOrFacilityLinkClickTest" classname="cignahomepage.CignaHomePageTest" time="4.222"/>
  <testcase name="healthCareProvidersLinkClickTest" classname="cignahomepage.CignaHomePageTest" time="3.94"/>
  <testcase name="healthInsuranceTabClickTest" classname="cignahomepage.CignaHomePageTest" time="3.923"/>
  <testcase name="homePageNavigationTest" classname="cignahomepage.CignaHomePageTest" time="4.647"/>
  <testcase name="individualsAndFamiliesTabLinkClickTest" classname="cignahomepage.CignaHomePageTest" time="4.794"/>
  <testcase name="internationalCoverageTabClickTest" classname="cignahomepage.CignaHomePageTest" time="4.587"/>
  <testcase name="learnMoreAboutTheConnectionTabClick" classname="cignahomepage.CignaHomePageTest" time="4.678"/>
  <testcase name="logInToMyCignaTabClick" classname="cignahomepage.CignaHomePageTest" time="4.177"/>
  <testcase name="medicareProductsTabClickTest" classname="cignahomepage.CignaHomePageTest" time="3.123"/>
  <testcase name="medicareSupplementInsuranceTeaserContentClickTest" classname="cignahomepage.CignaHomePageTest" time="4.183"/>
  <testcase name="otherSupplementalInsuranceTabClickTest" classname="cignahomepage.CignaHomePageTest" time="4.764"/>
  <testcase name="shopDentalPlansTabClickTest" classname="cignahomepage.CignaHomePageTest" time="4.002"/>
  <testcase name="shopMedicareSupplimentPlansTabClick" classname="cignahomepage.CignaHomePageTest" time="3.106"/>
  <testcase name="loginToMyCignaTabClickTest" classname="loginpage.LoginPageTest" time="4.176"/>
  <testcase name="setUserNameTest" classname="loginpage.LoginPageTest" time="10.068">
    <failure message="no such element: Unable to locate element: {&quot;method&quot;:&quot;css selector&quot;,&quot;selector&quot;:&quot;#username&quot;}&#10;  (Session info: chrome=73.0.3683.86)&#10;  (Driver info: chromedriver=2.46.628411 (3324f4c8be9ff2f70a05a30ebc72ffb013e1a71e),platform=Mac OS X 10.14.4 x86_64) (WARNING: The server did not provide any stacktrace information)&#10;Command duration or timeout: 0 milliseconds&#10;For documentation on this error, please visit: https://www.seleniumhq.org/exceptions/no_such_element.html&#10;Build info: version: &apos;3.141.59&apos;, revision: &apos;e82be7d358&apos;, time: &apos;2018-11-14T08:17:03&apos;&#10;System info: host: &apos;Mohammeds-MBP.fios-router.home&apos;, ip: &apos;fe80:0:0:0:1856:787:879e:c6be%en0&apos;, os.name: &apos;Mac OS X&apos;, os.arch: &apos;x86_64&apos;, os.version: &apos;10.14.4&apos;, java.version: &apos;1.8.0_201&apos;&#10;Driver info: org.openqa.selenium.chrome.ChromeDriver&#10;Capabilities {acceptInsecureCerts: false, acceptSslCerts: false, applicationCacheEnabled: false, browserConnectionEnabled: false, browserName: chrome, chrome: {chromedriverVersion: 2.46.628411 (3324f4c8be9ff2..., userDataDir: /var/folders/fn/3p_klx610sl...}, cssSelectorsEnabled: true, databaseEnabled: false, goog:chromeOptions: {debuggerAddress: localhost:56208}, handlesAlerts: true, hasTouchScreen: false, javascriptEnabled: true, locationContextEnabled: true, mobileEmulationEnabled: false, nativeEvents: true, networkConnectionEnabled: false, pageLoadStrategy: normal, platform: MAC, platformName: MAC, proxy: Proxy(), rotatable: false, setWindowRect: true, strictFileInteractability: false, takesHeapSnapshot: true, takesScreenshot: true, timeouts: {implicit: 0, pageLoad: 300000, script: 30000}, unexpectedAlertBehaviour: ignore, unhandledPromptBehavior: ignore, version: 73.0.3683.86, webStorageEnabled: true}&#10;Session ID: cd6268083fed364c1f237926b8251e7c&#10;*** Element info: {Using=css selector, value=#username}" type="org.openqa.selenium.NoSuchElementException">org.openqa.selenium.NoSuchElementException: 
no such element: Unable to locate element: {"method":"css selector","selector":"#username"}
  (Session info: chrome=73.0.3683.86)
  (Driver info: chromedriver=2.46.628411 (3324f4c8be9ff2f70a05a30ebc72ffb013e1a71e),platform=Mac OS X 10.14.4 x86_64) (WARNING: The server did not provide any stacktrace information)
Command duration or timeout: 0 milliseconds
For documentation on this error, please visit: https://www.seleniumhq.org/exceptions/no_such_element.html
Build info: version: '3.141.59', revision: 'e82be7d358', time: '2018-11-14T08:17:03'
System info: host: 'Mohammeds-MBP.fios-router.home', ip: 'fe80:0:0:0:1856:787:879e:c6be%en0', os.name: 'Mac OS X', os.arch: 'x86_64', os.version: '10.14.4', java.version: '1.8.0_201'
Driver info: org.openqa.selenium.chrome.ChromeDriver
Capabilities {acceptInsecureCerts: false, acceptSslCerts: false, applicationCacheEnabled: false, browserConnectionEnabled: false, browserName: chrome, chrome: {chromedriverVersion: 2.46.628411 (3324f4c8be9ff2..., userDataDir: /var/folders/fn/3p_klx610sl...}, cssSelectorsEnabled: true, databaseEnabled: false, goog:chromeOptions: {debuggerAddress: localhost:56208}, handlesAlerts: true, hasTouchScreen: false, javascriptEnabled: true, locationContextEnabled: true, mobileEmulationEnabled: false, nativeEvents: true, networkConnectionEnabled: false, pageLoadStrategy: normal, platform: MAC, platformName: MAC, proxy: Proxy(), rotatable: false, setWindowRect: true, strictFileInteractability: false, takesHeapSnapshot: true, takesScreenshot: true, timeouts: {implicit: 0, pageLoad: 300000, script: 30000}, unexpectedAlertBehaviour: ignore, unhandledPromptBehavior: ignore, version: 73.0.3683.86, webStorageEnabled: true}
Session ID: cd6268083fed364c1f237926b8251e7c
*** Element info: {Using=css selector, value=#username}
	at loginpage.LoginPageTest.setUserNameTest(LoginPageTest.java:21)
</failure>
    <system-err><![CDATA[Starting ChromeDriver 2.46.628411 (3324f4c8be9ff2f70a05a30ebc72ffb013e1a71e) on port 4717
Only local connections are allowed.
Please protect ports used by ChromeDriver and related test frameworks to prevent access by malicious code.
Apr 01, 2019 6:08:18 PM org.openqa.selenium.remote.ProtocolHandshake createSession
INFO: Detected dialect: OSS
]]></system-err>
  </testcase>
</testsuite>